[W 12:55:08.438 NotebookApp] ipywidgets package not installed.  Widgets are unavailable.
[I 12:55:08.465 NotebookApp] Serving notebooks from local directory: /Users/btorbicki/workspace/timeseries2redis
[I 12:55:08.465 NotebookApp] 0 active kernels 
[I 12:55:08.465 NotebookApp] The Jupyter Notebook is running at: http://localhost:8888/
[I 12:55:08.465 NotebookApp] Use Control-C to stop this server and shut down all kernels (twice to skip confirmation).
[W 12:55:12.156 NotebookApp] 404 GET /api/kernels/d4018e31-d7a2-4b15-a2d1-aa67e981af38/channels?session_id=9398F8DF4B1B43C8A91DC99F04649AA2 (::1): Kernel does not exist: d4018e31-d7a2-4b15-a2d1-aa67e981af38
[W 12:55:12.164 NotebookApp] 404 GET /api/kernels/d4018e31-d7a2-4b15-a2d1-aa67e981af38/channels?session_id=9398F8DF4B1B43C8A91DC99F04649AA2 (::1) 12.63ms referer=None
[I 12:55:20.150 NotebookApp] Creating new notebook in 
[W 12:55:20.715 NotebookApp] 404 GET /nbextensions/widgets/notebook/js/extension.js?v=20160420125507 (::1) 4.39ms referer=http://localhost:8888/notebooks/Untitled.ipynb?kernel_name=python2
[I 12:55:20.880 NotebookApp] Kernel started: 263b80c4-a495-497f-8a4e-9b0b0366c57e
[W 12:55:29.163 NotebookApp] 404 GET /api/kernels/d4018e31-d7a2-4b15-a2d1-aa67e981af38/channels?session_id=9398F8DF4B1B43C8A91DC99F04649AA2 (::1): Kernel does not exist: d4018e31-d7a2-4b15-a2d1-aa67e981af38
[W 12:55:29.164 NotebookApp] 404 GET /api/kernels/d4018e31-d7a2-4b15-a2d1-aa67e981af38/channels?session_id=9398F8DF4B1B43C8A91DC99F04649AA2 (::1) 7.36ms referer=None
[I 12:55:44.138 NotebookApp] Saving file at /Untitled.ipynb
[W 12:56:02.165 NotebookApp] 404 GET /api/kernels/d4018e31-d7a2-4b15-a2d1-aa67e981af38/channels?session_id=9398F8DF4B1B43C8A91DC99F04649AA2 (::1): Kernel does not exist: d4018e31-d7a2-4b15-a2d1-aa67e981af38
[W 12:56:02.166 NotebookApp] 404 GET /api/kernels/d4018e31-d7a2-4b15-a2d1-aa67e981af38/channels?session_id=9398F8DF4B1B43C8A91DC99F04649AA2 (::1) 4.79ms referer=None
[I 12:56:55.106 NotebookApp] Saving file at /Untitled.ipynb
[W 12:57:07.535 NotebookApp] 404 GET /api/kernels/d4018e31-d7a2-4b15-a2d1-aa67e981af38/channels?session_id=9398F8DF4B1B43C8A91DC99F04649AA2 (::1): Kernel does not exist: d4018e31-d7a2-4b15-a2d1-aa67e981af38
[W 12:57:07.536 NotebookApp] 404 GET /api/kernels/d4018e31-d7a2-4b15-a2d1-aa67e981af38/channels?session_id=9398F8DF4B1B43C8A91DC99F04649AA2 (::1) 5.34ms referer=None
[I 12:57:43.820 NotebookApp] Saving file at /Untitled.ipynb
[I 12:58:02.878 NotebookApp] Saving file at /Untitled.ipynb
[I 12:58:07.845 NotebookApp] Saving file at /Untitled.ipynb
[I 12:58:09.828 NotebookApp] Saving file at /Untitled.ipynb
[I 12:58:38.493 NotebookApp] Saving file at /Untitled.ipynb
[I 12:58:44.845 NotebookApp] Saving file at /Untitled.ipynb
[I 12:59:56.491 NotebookApp] Saving file at /Untitled.ipynb
[I 13:00:01.262 NotebookApp] Saving file at /Untitled.ipynb
[I 13:00:17.644 NotebookApp] Saving file at /Untitled.ipynb
[I 13:00:24.347 NotebookApp] Saving file at /Untitled.ipynb
[I 13:00:37.457 NotebookApp] Saving file at /Untitled.ipynb
[I 13:00:48.433 NotebookApp] Saving file at /Untitled.ipynb
[I 13:01:00.070 NotebookApp] Saving file at /Untitled.ipynb
[I 13:01:21.197 NotebookApp] Saving file at /Untitled.ipynb
[I 13:01:38.103 NotebookApp] Saving file at /Untitled.ipynb
[I 13:01:41.389 NotebookApp] Saving file at /Untitled.ipynb
[I 13:01:48.621 NotebookApp] Saving file at /Untitled.ipynb
[I 13:01:53.540 NotebookApp] Saving file at /Untitled.ipynb
[I 13:02:01.677 NotebookApp] Saving file at /Untitled.ipynb
[I 13:02:24.046 NotebookApp] Saving file at /Untitled.ipynb
[I 13:02:41.785 NotebookApp] Saving file at /Untitled.ipynb
[I 13:02:51.453 NotebookApp] Saving file at /Untitled.ipynb
[I 13:03:21.195 NotebookApp] Saving file at /Untitled.ipynb
[I 13:03:34.835 NotebookApp] Kernel restarted: 263b80c4-a495-497f-8a4e-9b0b0366c57e
[I 13:03:37.201 NotebookApp] Saving file at /Untitled.ipynb
[I 13:03:41.787 NotebookApp] Saving file at /Untitled.ipynb
[I 13:03:44.219 NotebookApp] Saving file at /Untitled.ipynb
[I 13:03:49.020 NotebookApp] Saving file at /Untitled.ipynb
[I 13:03:56.536 NotebookApp] Saving file at /Untitled.ipynb
[I 13:04:02.310 NotebookApp] Saving file at /Untitled.ipynb
[I 13:04:05.824 NotebookApp] Saving file at /Untitled.ipynb
[I 13:04:22.326 NotebookApp] Saving file at /Untitled.ipynb
[I 13:04:23.395 NotebookApp] Saving file at /Untitled.ipynb
[I 13:04:32.937 NotebookApp] Saving file at /Untitled.ipynb
[I 13:04:56.009 NotebookApp] Saving file at /Untitled.ipynb
[I 13:05:13.010 NotebookApp] Saving file at /Untitled.ipynb
[I 13:05:28.978 NotebookApp] Saving file at /Untitled.ipynb
[I 13:05:44.150 NotebookApp] Saving file at /Untitled.ipynb
[I 13:06:10.586 NotebookApp] Saving file at /Untitled.ipynb
[I 13:06:14.752 NotebookApp] Saving file at /Untitled.ipynb
[I 13:06:16.036 NotebookApp] Saving file at /Untitled.ipynb
[I 13:07:21.199 NotebookApp] Saving file at /Untitled.ipynb
[I 13:12:07.053 NotebookApp] Saving file at /Untitled.ipynb
[I 13:12:17.118 NotebookApp] Kernel restarted: 263b80c4-a495-497f-8a4e-9b0b0366c57e
[I 13:12:22.619 NotebookApp] Saving file at /Untitled.ipynb
[I 13:12:24.311 NotebookApp] Saving file at /Untitled.ipynb
[I 13:12:37.008 NotebookApp] Saving file at /Untitled.ipynb
[I 13:12:38.260 NotebookApp] Saving file at /Untitled.ipynb
[I 13:12:57.208 NotebookApp] Saving file at /Untitled.ipynb
[I 13:13:45.244 NotebookApp] Saving file at /Untitled.ipynb
[I 13:13:54.240 NotebookApp] Saving file at /Untitled.ipynb
[I 13:13:58.681 NotebookApp] Saving file at /Untitled.ipynb
[I 13:14:06.099 NotebookApp] Saving file at /Untitled.ipynb
[I 13:14:07.132 NotebookApp] Saving file at /Untitled.ipynb
[I 13:14:13.927 NotebookApp] Saving file at /Untitled.ipynb
[I 13:14:21.385 NotebookApp] Saving file at /Untitled.ipynb
[I 13:14:31.575 NotebookApp] Saving file at /Untitled.ipynb
[I 13:14:33.000 NotebookApp] Saving file at /Untitled.ipynb
[I 13:15:21.204 NotebookApp] Saving file at /Untitled.ipynb
[I 13:18:12.236 NotebookApp] Saving file at /Untitled.ipynb
[I 13:27:37.250 NotebookApp] Kernel restarted: 263b80c4-a495-497f-8a4e-9b0b0366c57e
[I 13:28:02.842 NotebookApp] Kernel restarted: 263b80c4-a495-497f-8a4e-9b0b0366c57e
[I 13:29:21.212 NotebookApp] Saving file at /Untitled.ipynb
[I 13:29:59.059 NotebookApp] Kernel restarted: 263b80c4-a495-497f-8a4e-9b0b0366c57e
[I 13:29:59.881 NotebookApp] Saving file at /Untitled.ipynb
[I 13:30:01.146 NotebookApp] Saving file at /Untitled.ipynb
[I 13:30:25.184 NotebookApp] Kernel restarted: 263b80c4-a495-497f-8a4e-9b0b0366c57e
[I 13:30:27.419 NotebookApp] Saving file at /Untitled.ipynb
[I 13:30:41.568 NotebookApp] Saving file at /Untitled.ipynb
[I 13:37:54.889 NotebookApp] Kernel restarted: 263b80c4-a495-497f-8a4e-9b0b0366c57e
[I 13:38:00.550 NotebookApp] Saving file at /Untitled.ipynb
[I 13:38:45.728 NotebookApp] Kernel restarted: 263b80c4-a495-497f-8a4e-9b0b0366c57e
[I 13:39:21.272 NotebookApp] Saving file at /Untitled.ipynb
[I 13:39:39.529 NotebookApp] Kernel restarted: 263b80c4-a495-497f-8a4e-9b0b0366c57e
[I 13:39:42.156 NotebookApp] Saving file at /Untitled.ipynb
[I 13:40:09.882 NotebookApp] Kernel restarted: 263b80c4-a495-497f-8a4e-9b0b0366c57e
[I 13:40:22.910 NotebookApp] Saving file at /Untitled.ipynb
[I 13:41:40.166 NotebookApp] Saving file at /Untitled.ipynb
[I 13:41:57.120 NotebookApp] Kernel restarted: 263b80c4-a495-497f-8a4e-9b0b0366c57e
[I 13:41:59.054 NotebookApp] Saving file at /Untitled.ipynb
[I 13:42:11.748 NotebookApp] Saving file at /Untitled.ipynb
[I 13:42:24.975 NotebookApp] Saving file at /Untitled.ipynb
[I 13:43:13.429 NotebookApp] Saving file at /Untitled.ipynb
[I 13:43:17.199 NotebookApp] Saving file at /Untitled.ipynb
[I 13:43:25.454 NotebookApp] Saving file at /Untitled.ipynb
[I 13:43:30.576 NotebookApp] Saving file at /Untitled.ipynb
[I 13:43:37.913 NotebookApp] Saving file at /Untitled.ipynb
[I 13:43:44.110 NotebookApp] Saving file at /Untitled.ipynb
[I 13:43:49.174 NotebookApp] Saving file at /Untitled.ipynb
[I 13:45:21.284 NotebookApp] Saving file at /Untitled.ipynb
[I 13:56:24.679 NotebookApp] Saving file at /Untitled.ipynb
[I 13:59:05.456 NotebookApp] Saving file at /Untitled.ipynb
[I 13:59:17.723 NotebookApp] Saving file at /Untitled.ipynb
[I 13:59:20.871 NotebookApp] Saving file at /Untitled.ipynb
[I 13:59:23.825 NotebookApp] Saving file at /Untitled.ipynb
[I 13:59:42.612 NotebookApp] Saving file at /Untitled.ipynb
[I 13:59:54.419 NotebookApp] Saving file at /Untitled.ipynb
[I 13:59:59.682 NotebookApp] Saving file at /Untitled.ipynb
[I 14:00:35.641 NotebookApp] Saving file at /Untitled.ipynb
[I 14:05:32.825 NotebookApp] Saving file at /Untitled.ipynb
[I 14:06:01.271 NotebookApp] Saving file at /Untitled.ipynb
